<?xml version="1.0" encoding="UTF-8"?>
<!-- Generated by org.testng.reporters.JUnitReportReporter -->
<testsuite hostname="LAPTOP-B8TJUCIE" failures="0" tests="1" name="com.EMC.testcases.TC_SchoolLogging" time="139.440" errors="0" timestamp="2023-10-04T18:31:54 IST" skipped="0">
  <testcase classname="com.EMC.testcases.TC_SchoolLogging" name="schoolLogging" time="139.440"/>
  <system-out/>
</testsuite> <!-- com.EMC.testcases.TC_SchoolLogging -->
