<?xml version="1.0" encoding="UTF-8"?>
<!-- Generated by org.testng.reporters.JUnitReportReporter -->
<testsuite hostname="LAPTOP-B8TJUCIE" failures="0" tests="1" name="com.EMC.testcases.TC_LoginTest" time="13.019" errors="0" timestamp="2023-10-18T11:32:05 IST" skipped="0">
  <testcase classname="com.EMC.testcases.TC_LoginTest" name="verifyLogin" time="13.019"/>
  <system-out/>
</testsuite> <!-- com.EMC.testcases.TC_LoginTest -->
