<?xml version="1.0" encoding="UTF-8"?>
<!-- Generated by org.testng.reporters.JUnitReportReporter -->
<testsuite hostname="LAPTOP-B8TJUCIE" failures="0" tests="1" name="com.EMC.testcases.TC_AddBulkEvent" time="48.393" errors="0" timestamp="2023-11-22T17:38:49 IST" skipped="0">
  <testcase classname="com.EMC.testcases.TC_AddBulkEvent" name="addBulkEvent" time="48.393"/>
  <system-out/>
</testsuite> <!-- com.EMC.testcases.TC_AddBulkEvent -->
