<?xml version="1.0" encoding="UTF-8"?>
<!-- Generated by org.testng.reporters.JUnitReportReporter -->
<testsuite hostname="LAPTOP-B8TJUCIE" failures="0" tests="1" name="com.EMC.testcases.TC_DenyDetachUserRequest" time="67.349" errors="0" timestamp="2023-10-30T10:07:39 IST" skipped="0">
  <testcase classname="com.EMC.testcases.TC_DenyDetachUserRequest" name="deniedDetachUserRequest" time="67.349"/>
  <system-out/>
</testsuite> <!-- com.EMC.testcases.TC_DenyDetachUserRequest -->
