<?xml version="1.0" encoding="UTF-8"?>
<!-- Generated by org.testng.reporters.JUnitReportReporter -->
<testsuite hostname="LAPTOP-B8TJUCIE" failures="0" tests="1" name="com.EMC.testcases.TC_createdailyteaching" time="205.405" errors="0" timestamp="2023-11-07T18:21:15 IST" skipped="0">
  <testcase classname="com.EMC.testcases.TC_createdailyteaching" name="CheckTheTherapistIsReflectedInClassroomListForDailyTeachingEvent" time="205.405"/>
  <system-out/>
</testsuite> <!-- com.EMC.testcases.TC_createdailyteaching -->
