<?xml version="1.0" encoding="UTF-8"?>
<!-- Generated by org.testng.reporters.JUnitReportReporter -->
<testsuite hostname="LAPTOP-B8TJUCIE" failures="0" tests="1" name="com.EMC.testcases.TC_BULKEvent" time="48.738" errors="0" timestamp="2023-11-23T11:00:04 IST" skipped="0">
  <testcase classname="com.EMC.testcases.TC_BULKEvent" name="addBulkEvent" time="48.738"/>
  <system-out/>
</testsuite> <!-- com.EMC.testcases.TC_BULKEvent -->
