<?xml version="1.0" encoding="UTF-8"?>
<!-- Generated by org.testng.reporters.JUnitReportReporter -->
<testsuite hostname="LAPTOP-B8TJUCIE" failures="0" tests="1" name="com.EMC.testcases.TC_addInsuranceAndCheckEligibility" time="59.483" errors="0" timestamp="2023-07-13T12:51:30 IST" skipped="0">
  <testcase classname="com.EMC.testcases.TC_addInsuranceAndCheckEligibility" name="addInsuranceAndCheckEligibility" time="59.483"/>
  <system-out/>
</testsuite> <!-- com.EMC.testcases.TC_addInsuranceAndCheckEligibility -->
