<?xml version="1.0" encoding="UTF-8"?>
<!-- Generated by org.testng.reporters.JUnitReportReporter -->
<testsuite hostname="LAPTOP-B8TJUCIE" failures="0" tests="2" name="com.EMC.testcases.TC_CreateTHO_UnknownStatus" time="140.964" errors="0" timestamp="2023-11-16T18:35:43 IST" skipped="1">
  <testcase classname="com.EMC.testcases.TC_CreateTHO_UnknownStatus" name="createTHO_InvalidDate" time="140.964"/>
  <system-out/>
  <testcase classname="com.EMC.testcases.TC_CreateTHO_UnknownStatus" name="createTHO_UnknownStatus">
    <skipped/>
  </testcase> <!-- createTHO_UnknownStatus -->
  <system-out/>
</testsuite> <!-- com.EMC.testcases.TC_CreateTHO_UnknownStatus -->
