<?xml version="1.0" encoding="UTF-8"?>
<!-- Generated by org.testng.reporters.JUnitReportReporter -->
<testsuite hostname="LAPTOP-B8TJUCIE" failures="0" tests="1" name="com.EMC.testcases.TC_PsychoeducationalAssessmentReport" time="104.169" errors="0" timestamp="2023-10-09T12:01:19 IST" skipped="0">
  <testcase classname="com.EMC.testcases.TC_PsychoeducationalAssessmentReport" name="submitPsychoeducationalAssessmentReport" time="104.169"/>
  <system-out/>
</testsuite> <!-- com.EMC.testcases.TC_PsychoeducationalAssessmentReport -->
