<?xml version="1.0" encoding="UTF-8"?>
<!-- Generated by org.testng.reporters.JUnitReportReporter -->
<testsuite hostname="LAPTOP-B8TJUCIE" failures="0" tests="1" name="com.EMC.testcases.TC_SpeechTherapyScreeningReport" time="64.056" errors="0" timestamp="2023-10-09T14:56:38 IST" skipped="0">
  <testcase classname="com.EMC.testcases.TC_SpeechTherapyScreeningReport" name="submitSpeechTherapyScreeningReport" time="64.056"/>
  <system-out/>
</testsuite> <!-- com.EMC.testcases.TC_SpeechTherapyScreeningReport -->
