<?xml version="1.0" encoding="UTF-8"?>
<!-- Generated by org.testng.reporters.JUnitReportReporter -->
<testsuite hostname="LAPTOP-B8TJUCIE" failures="0" tests="1" name="com.EMC.testcases.TC_ReassignTherapist" time="186.991" errors="0" timestamp="2023-11-06T13:00:39 IST" skipped="0">
  <testcase classname="com.EMC.testcases.TC_ReassignTherapist" name="reassignTherapistAndCheckInUserListByTherapistLogin" time="186.991"/>
  <system-out/>
</testsuite> <!-- com.EMC.testcases.TC_ReassignTherapist -->
