<?xml version="1.0" encoding="UTF-8"?>
<!-- Generated by org.testng.reporters.JUnitReportReporter -->
<testsuite hostname="LAPTOP-B8TJUCIE" failures="0" tests="1" name="EMC.CreateProviderManager" time="194.119" errors="0" timestamp="2023-10-26T18:17:53 IST" skipped="0">
  <testcase classname="EMC.CreateProviderManager" name="create_ProviderManager" time="194.119"/>
  <system-out/>
</testsuite> <!-- EMC.CreateProviderManager -->
