<?xml version="1.0" encoding="UTF-8"?>
<!-- Generated by org.testng.reporters.JUnitReportReporter -->
<testsuite hostname="LAPTOP-B8TJUCIE" failures="0" tests="2" name="com.EMC.testcases.TC_VerifyPayoutMappingAmountInTimesheets" time="152.316" errors="0" timestamp="2023-11-01T10:45:49 IST" skipped="1">
  <testcase classname="com.EMC.testcases.TC_VerifyPayoutMappingAmountInTimesheets" name="verifyPayoutMappingAmountForByMinute_Timesheets" time="152.316"/>
  <system-out/>
  <testcase classname="com.EMC.testcases.TC_VerifyPayoutMappingAmountInTimesheets" name="verifyPayoutMappingAmountForFlatRate_Timesheets">
    <skipped/>
  </testcase> <!-- verifyPayoutMappingAmountForFlatRate_Timesheets -->
  <system-out/>
</testsuite> <!-- com.EMC.testcases.TC_VerifyPayoutMappingAmountInTimesheets -->
