<?xml version="1.0" encoding="UTF-8"?>
<!-- Generated by org.testng.reporters.JUnitReportReporter -->
<testsuite hostname="LAPTOP-B8TJUCIE" failures="0" tests="1" name="com.EMC.testcases.TC_FunctionalBeviourPlanDocument" time="108.113" errors="0" timestamp="2023-10-12T10:28:04 IST" skipped="0">
  <testcase classname="com.EMC.testcases.TC_FunctionalBeviourPlanDocument" name="submitFunctionalPlanDocument" time="108.113"/>
  <system-out/>
</testsuite> <!-- com.EMC.testcases.TC_FunctionalBeviourPlanDocument -->
