<?xml version="1.0" encoding="UTF-8"?>
<!-- Generated by org.testng.reporters.JUnitReportReporter -->
<testsuite hostname="LAPTOP-B8TJUCIE" failures="0" tests="1" name="com.EMC.testcases.TC_DailyTeachingTaskDocument_TherapistLogin" time="98.618" errors="0" timestamp="2023-10-12T18:18:32 IST" skipped="0">
  <testcase classname="com.EMC.testcases.TC_DailyTeachingTaskDocument_TherapistLogin" name="submitDailyTeachingTaskDocument" time="98.618"/>
  <system-out/>
</testsuite> <!-- com.EMC.testcases.TC_DailyTeachingTaskDocument_TherapistLogin -->
