<?xml version="1.0" encoding="UTF-8"?>
<!-- Generated by org.testng.reporters.JUnitReportReporter -->
<testsuite hostname="LAPTOP-B8TJUCIE" failures="0" tests="3" name="com.EMC.testcases.TC_CreateReferralFromLandingAndSecurePage" time="113.480" errors="0" timestamp="2023-09-06T11:39:17 IST" skipped="0">
  <testcase classname="com.EMC.testcases.TC_CreateReferralFromLandingAndSecurePage" name="createReferralFromLanding" time="85.799"/>
  <system-out/>
  <testcase classname="com.EMC.testcases.TC_CreateReferralFromLandingAndSecurePage" name="uploadMultiStudentReferral" time="6.158"/>
  <system-out/>
  <testcase classname="com.EMC.testcases.TC_CreateReferralFromLandingAndSecurePage" name="createReferralfromSecurePage" time="21.523"/>
  <system-out/>
</testsuite> <!-- com.EMC.testcases.TC_CreateReferralFromLandingAndSecurePage -->
