<?xml version="1.0" encoding="UTF-8"?>
<!-- Generated by org.testng.reporters.JUnitReportReporter -->
<testsuite hostname="LAPTOP-B8TJUCIE" failures="0" tests="1" name="com.EMC.testcases.TC_CheckTheTherapistIsReflectedInClassroomListForDailyTeachingEvent" time="152.236" errors="0" timestamp="2023-11-08T10:14:50 IST" skipped="0">
  <testcase classname="com.EMC.testcases.TC_CheckTheTherapistIsReflectedInClassroomListForDailyTeachingEvent" name="CheckTheTherapistIsReflectedInClassroomListForDailyTeachingEvent" time="152.236"/>
  <system-out/>
</testsuite> <!-- com.EMC.testcases.TC_CheckTheTherapistIsReflectedInClassroomListForDailyTeachingEvent -->
