<?xml version="1.0" encoding="UTF-8"?>
<!-- Generated by org.testng.reporters.JUnitReportReporter -->
<testsuite hostname="LAPTOP-B8TJUCIE" failures="0" tests="1" name="com.EMC.testcases.TC_ShowSpeechTherapyScreeningReport" time="104.253" errors="0" timestamp="2023-10-11T17:10:36 IST" skipped="0">
  <testcase classname="com.EMC.testcases.TC_ShowSpeechTherapyScreeningReport" name="submitSpeechTherapyScreeningReport" time="104.253"/>
  <system-out/>
</testsuite> <!-- com.EMC.testcases.TC_ShowSpeechTherapyScreeningReport -->
