<?xml version="1.0" encoding="UTF-8"?>
<!-- Generated by org.testng.reporters.JUnitReportReporter -->
<testsuite hostname="LAPTOP-B8TJUCIE" failures="0" tests="1" name="EMC.createdoctor" time="12.588" errors="0" timestamp="2023-11-27T09:53:16 IST" skipped="0">
  <testcase classname="EMC.createdoctor" name="creatDoctor" time="12.588"/>
  <system-out/>
</testsuite> <!-- EMC.createdoctor -->
