<?xml version="1.0" encoding="UTF-8"?>
<!-- Generated by org.testng.reporters.JUnitReportReporter -->
<testsuite hostname="LAPTOP-B8TJUCIE" failures="0" tests="1" name="com.EMC.testcases.TC_SearchUserByUsername" time="40.396" errors="0" timestamp="2023-10-19T17:53:26 IST" skipped="0">
  <testcase classname="com.EMC.testcases.TC_SearchUserByUsername" name="verfiySearchUserByUsername" time="40.396"/>
  <system-out/>
</testsuite> <!-- com.EMC.testcases.TC_SearchUserByUsername -->
