<?xml version="1.0" encoding="UTF-8"?>
<!-- Generated by org.testng.reporters.JUnitReportReporter -->
<testsuite hostname="LAPTOP-B8TJUCIE" failures="0" tests="2" name="com.EMC.testcases.TC_VerifyPayerPageAmountInBilling" time="159.831" errors="0" timestamp="2023-10-31T09:42:52 IST" skipped="1">
  <testcase classname="com.EMC.testcases.TC_VerifyPayerPageAmountInBilling" name="verifyPayerPageAmountInBilling_ByMinute" time="159.831"/>
  <system-out/>
  <testcase classname="com.EMC.testcases.TC_VerifyPayerPageAmountInBilling" name="verifyPayerPageAmountInBilling_FlatRate">
    <skipped/>
  </testcase> <!-- verifyPayerPageAmountInBilling_FlatRate -->
  <system-out/>
</testsuite> <!-- com.EMC.testcases.TC_VerifyPayerPageAmountInBilling -->
