<?xml version="1.0" encoding="UTF-8"?>
<!-- Generated by org.testng.reporters.JUnitReportReporter -->
<testsuite hostname="LAPTOP-B8TJUCIE" failures="0" tests="1" name="com.EMC.testcases.TC_CompareSearchUserByUsername" time="28.268" errors="0" timestamp="2023-10-19T18:22:49 IST" skipped="0">
  <testcase classname="com.EMC.testcases.TC_CompareSearchUserByUsername" name="compareSearchUserByUsername" time="28.268"/>
  <system-out/>
</testsuite> <!-- com.EMC.testcases.TC_CompareSearchUserByUsername -->
