<?xml version="1.0" encoding="UTF-8"?>
<!-- Generated by org.testng.reporters.JUnitReportReporter -->
<testsuite hostname="LAPTOP-B8TJUCIE" failures="0" tests="1" name="com.EMC.testcases.TC_VisionScreeningReport" time="66.017" errors="0" timestamp="2023-10-09T18:33:06 IST" skipped="0">
  <testcase classname="com.EMC.testcases.TC_VisionScreeningReport" name="submitVisionScreeningReport" time="66.017"/>
  <system-out/>
</testsuite> <!-- com.EMC.testcases.TC_VisionScreeningReport -->
