<?xml version="1.0" encoding="UTF-8"?>
<!-- Generated by org.testng.reporters.JUnitReportReporter -->
<testsuite hostname="LAPTOP-B8TJUCIE" failures="0" tests="1" name="EMC.BillingIssues" time="82.942" errors="0" timestamp="2023-10-17T17:35:33 IST" skipped="0">
  <testcase classname="EMC.BillingIssues" name="billingIssues" time="82.942"/>
  <system-out/>
</testsuite> <!-- EMC.BillingIssues -->
