<?xml version="1.0" encoding="UTF-8"?>
<!-- Generated by org.testng.reporters.JUnitReportReporter -->
<testsuite hostname="LAPTOP-B8TJUCIE" failures="0" tests="1" name="com.EMC.testcases.TC_CreateTherapist" time="29.944" errors="0" timestamp="2023-11-21T10:06:28 IST" skipped="0">
  <testcase classname="com.EMC.testcases.TC_CreateTherapist" name="createUser" time="29.944"/>
  <system-out/>
</testsuite> <!-- com.EMC.testcases.TC_CreateTherapist -->
