<?xml version="1.0" encoding="UTF-8"?>
<!-- Generated by org.testng.reporters.JUnitReportReporter -->
<testsuite hostname="LAPTOP-B8TJUCIE" failures="0" tests="2" name="com.EMC.testcases.TC_CreateReferralFromLandingPage" time="54.476" errors="0" timestamp="2023-07-06T18:40:44 IST" skipped="0">
  <testcase classname="com.EMC.testcases.TC_CreateReferralFromLandingPage" name="createReferralFromLandinPage" time="38.433"/>
  <system-out/>
  <testcase classname="com.EMC.testcases.TC_CreateReferralFromLandingPage" name="createReferralfromSecurePage" time="16.043"/>
  <system-out/>
</testsuite> <!-- com.EMC.testcases.TC_CreateReferralFromLandingPage -->
