<?xml version="1.0" encoding="UTF-8"?>
<!-- Generated by org.testng.reporters.JUnitReportReporter -->
<testsuite hostname="LAPTOP-B8TJUCIE" failures="0" tests="1" name="com.EMC.testcases.createProviderManager" time="42.099" errors="0" timestamp="2023-09-06T16:43:13 IST" skipped="0">
  <testcase classname="com.EMC.testcases.createProviderManager" name="create_providerManager" time="42.099"/>
  <system-out/>
</testsuite> <!-- com.EMC.testcases.createProviderManager -->
