<?xml version="1.0" encoding="UTF-8"?>
<!-- Generated by org.testng.reporters.JUnitReportReporter -->
<testsuite hostname="LAPTOP-B8TJUCIE" failures="0" tests="1" name="com.EMC.testcases.TC_VerifyCreatedReferral" time="44.149" errors="0" timestamp="2023-10-27T15:48:06 IST" skipped="0">
  <testcase classname="com.EMC.testcases.TC_VerifyCreatedReferral" name="verifyCreatedReferral" time="44.149"/>
  <system-out/>
</testsuite> <!-- com.EMC.testcases.TC_VerifyCreatedReferral -->
