<?xml version="1.0" encoding="UTF-8"?>
<!-- Generated by org.testng.reporters.JUnitReportReporter -->
<testsuite hostname="LAPTOP-B8TJUCIE" failures="0" tests="1" name="com.EMC.testcases.TC_CreateEventFromEventPage" time="65.107" errors="0" timestamp="2023-06-26T15:17:27 IST" skipped="0">
  <testcase classname="com.EMC.testcases.TC_CreateEventFromEventPage" name="createEventFromScheduleList" time="65.107"/>
  <system-out/>
</testsuite> <!-- com.EMC.testcases.TC_CreateEventFromEventPage -->
