<?xml version="1.0" encoding="UTF-8"?>
<!-- Generated by org.testng.reporters.JUnitReportReporter -->
<testsuite hostname="LAPTOP-B8TJUCIE" failures="0" tests="1" name="com.EMC.testcases.TC_createReferralFromSecurePage" time="5.340" errors="0" timestamp="2023-07-06T17:20:47 IST" skipped="0">
  <testcase classname="com.EMC.testcases.TC_createReferralFromSecurePage" name="createReferralFromSecurePage" time="5.340"/>
  <system-out/>
</testsuite> <!-- com.EMC.testcases.TC_createReferralFromSecurePage -->
