<?xml version="1.0" encoding="UTF-8"?>
<!-- Generated by org.testng.reporters.JUnitReportReporter -->
<testsuite hostname="LAPTOP-B8TJUCIE" failures="0" tests="1" name="com.EMC.testcases.TC_VerifyTheUserHasDetachedOrNot" time="67.556" errors="0" timestamp="2023-10-30T09:52:46 IST" skipped="0">
  <testcase classname="com.EMC.testcases.TC_VerifyTheUserHasDetachedOrNot" name="approveDeatchUserRequest" time="67.556"/>
  <system-out/>
</testsuite> <!-- com.EMC.testcases.TC_VerifyTheUserHasDetachedOrNot -->
