<?xml version="1.0" encoding="UTF-8"?>
<!-- Generated by org.testng.reporters.JUnitReportReporter -->
<testsuite hostname="LAPTOP-B8TJUCIE" failures="0" tests="1" name="com.EMC.testcases.TC_SendEntryToBillingInInsuranceTab" time="41.496" errors="0" timestamp="2023-07-13T12:38:58 IST" skipped="0">
  <testcase classname="com.EMC.testcases.TC_SendEntryToBillingInInsuranceTab" name="addInsuranceAndCheckEligibility" time="41.496"/>
  <system-out/>
</testsuite> <!-- com.EMC.testcases.TC_SendEntryToBillingInInsuranceTab -->
