<?xml version="1.0" encoding="UTF-8"?>
<!-- Generated by org.testng.reporters.JUnitReportReporter -->
<testsuite hostname="LAPTOP-B8TJUCIE" failures="0" tests="1" name="com.EMC.testcases.TC_CreateTHO" time="92.502" errors="0" timestamp="2023-11-06T09:48:09 IST" skipped="0">
  <testcase classname="com.EMC.testcases.TC_CreateTHO" name="createTHO" time="92.502"/>
  <system-out/>
</testsuite> <!-- com.EMC.testcases.TC_CreateTHO -->
